
_____________________________________________________________________________________________



LOG FILE [2015-06-27]

_____________________________________________________________________________________________




2015-06-27 09:49:41 [::1] : INFO - [UPLOAD] Uploaded New File, 1 file(s) successfully added to the file manager


 =TraceInfo ========================

 [file] => C:\xampp\htdocs\filemanager.php

 [line] => 495

 [function] => upload

 [user] => 9312204656

 [data] => 

 ================================
 
2015-06-27 09:50:41 [::1] : INFO - [UPLOAD] Uploaded New File, 1 file(s) successfully added to the file manager


 =TraceInfo ========================

 [file] => C:\xampp\htdocs\filemanager.php

 [line] => 495

 [function] => upload

 [user] => 9312204656

 [data] => 

 ================================
 
2015-06-27 09:59:53 [::1] : INFO - [UPLOAD] Uploaded New File, 1 file(s) successfully added to the file manager


 =TraceInfo ========================

 [file] => C:\xampp\htdocs\filemanager.php

 [line] => 494

 [function] => upload

 [user] => 9312204656

 [data] => 

 ================================
 
2015-06-27 10:00:17 [::1] : INFO - [UPLOAD] Uploaded New File, 1 file(s) successfully added to the file manager


 =TraceInfo ========================

 [file] => C:\xampp\htdocs\filemanager.php

 [line] => 494

 [function] => upload

 [user] => 9312204656

 [data] => 

 ================================
 
2015-06-27 10:00:48 [::1] : INFO - [UPLOAD] Uploaded New File, 1 file(s) successfully added to the file manager


 =TraceInfo ========================

 [file] => C:\xampp\htdocs\filemanager.php

 [line] => 494

 [function] => upload

 [user] => 9312204656

 [data] => 

 ================================
 
2015-06-27 10:05:44 [::1] : INFO - [UPLOAD] Uploaded New File, 1 file(s) successfully added to the file manager


 =TraceInfo ========================

 [file] => C:\xampp\htdocs\filemanager.php

 [line] => 494

 [function] => upload

 [user] => 9312204656

 [data] => 

 ================================
 
2015-06-27 11:01:50 [::1] : ERROR - [ADD] Prevent the insertion of new records, Avoid incorrect information


 =TraceInfo ========================

 [file] => 

 [line] => 

 [function] => {closure}

 [user] => 9312204656

 [data] => 

 ================================
 
{closure} 
{closure} 
{closure} 
{closure} 
{closure} 
{closure} 
{closure} 
{closure} 
{closure} 
{closure} 
{closure} 
undefined

 [user] => 9312204656

 [data] => 

 ================================
 
2015-06-27 13:17:08 [::1] : INFO - [ADD] Insert New Record, Article module successfully inserted a new record in the table article


 =TraceInfo ========================

 [file] => {closure}

 [line] => undefined

 [function] => undefined

 [user] => 9312204656

 [data] => 

 ================================
 
2015-06-27 13:20:45 [::1] : INFO - [ADD] Insert New Record, Article module successfully inserted a new record in the table article


 =TraceInfo ========================

 [file] => {closure}

 [line] => undefined

 [function] => undefined

 [user] => 9312204656

 [data] => 

 ================================
 
2015-06-27 14:05:30 [::1] : INFO - [ADD] Insert New Record, Article module successfully inserted a new record in the table article


 =TraceInfo ========================

 [file] => {closure}

 [line] => undefined

 [function] => undefined

 [user] => 9312204656

 [data] => 

 ================================
 
2015-06-27 14:06:10 [::1] : INFO - [ADD] Insert New Record, Article module successfully inserted a new record in the table article


 =TraceInfo ========================

 [file] => {closure}

 [line] => undefined

 [function] => undefined

 [user] => 9312204656

 [data] => 

 ================================
 
2015-06-27 14:07:22 [::1] : INFO - [ADD] Insert New Record, Article module successfully inserted a new record in the table article


 =TraceInfo ========================

 [file] => {closure}

 [line] => undefined

 [function] => undefined

 [user] => 9312204656

 [data] => 

 ================================
 
