
_____________________________________________________________________________________________



LOG FILE [2015-07-04]

_____________________________________________________________________________________________




2015-07-04 10:14:06 [::1] : ERROR - [ADD] Prevent the insertion of new records, Avoid incorrect information


 =TraceInfo ========================

 [file] => {closure}

 [line] => undefined

 [function] => undefined

 [user] => 9312204656

 [data] => 

 ================================
 
2015-07-04 10:14:28 [::1] : ERROR - [ADD] Prevent the insertion of new records, Avoid incorrect information


 =TraceInfo ========================

 [file] => {closure}

 [line] => undefined

 [function] => undefined

 [user] => 9312204656

 [data] => 

 ================================
 
2015-07-04 10:15:09 [::1] : ERROR - [ADD] Prevent the insertion of new records, Avoid incorrect information


 =TraceInfo ========================

 [file] => {closure}

 [line] => undefined

 [function] => undefined

 [user] => 9312204656

 [data] => 

 ================================
 
2015-07-04 10:22:40 [::1] : ERROR - [ADD] Prevent the insertion of new records, Avoid incorrect information


 =TraceInfo ========================

 [file] => {closure}

 [line] => undefined

 [function] => undefined

 [user] => 9312204656

 [data] => 

 ================================
 
2015-07-04 10:29:01 [::1] : ERROR - [ADD] Prevent the insertion of new records, Avoid incorrect information


 =TraceInfo ========================

 [file] => {closure}

 [line] => undefined

 [function] => undefined

 [user] => 9312204656

 [data] => 

 ================================
 
2015-07-04 10:39:09 [::1] : ERROR - [ADD] Prevent the insertion of new records, Avoid incorrect information


 =TraceInfo ========================

 [file] => {closure}

 [line] => undefined

 [function] => undefined

 [user] => 9312204656

 [data] => 

 ================================
 
2015-07-04 10:40:19 [::1] : ERROR - [ADD] Prevent the insertion of new records, Avoid incorrect information


 =TraceInfo ========================

 [file] => {closure}

 [line] => undefined

 [function] => undefined

 [user] => 9312204656

 [data] => 

 ================================
 
2015-07-04 10:42:45 [::1] : ERROR - [ADD] Prevent the insertion of new records, Avoid incorrect information


 =TraceInfo ========================

 [file] => {closure}

 [line] => undefined

 [function] => undefined

 [user] => 9312204656

 [data] => 

 ================================
 
2015-07-04 10:43:31 [::1] : ERROR - [ADD] Prevent the insertion of new records, Avoid incorrect information


 =TraceInfo ========================

 [file] => {closure}

 [line] => undefined

 [function] => undefined

 [user] => 9312204656

 [data] => 

 ================================
 
2015-07-04 10:45:29 [::1] : ERROR - [ADD] Prevent the insertion of new records, Avoid incorrect information


 =TraceInfo ========================

 [file] => {closure}

 [line] => undefined

 [function] => undefined

 [user] => 9312204656

 [data] => 

 ================================
 
2015-07-04 10:47:02 [::1] : ERROR - [ADD] Prevent the insertion of new records, Avoid incorrect information


 =TraceInfo ========================

 [file] => {closure}

 [line] => undefined

 [function] => undefined

 [user] => 9312204656

 [data] => 

 ================================
 
2015-07-04 10:47:51 [::1] : ERROR - [ADD] Prevent the insertion of new records, Avoid incorrect information


 =TraceInfo ========================

 [file] => {closure}

 [line] => undefined

 [function] => undefined

 [user] => 9312204656

 [data] => 

 ================================
 
2015-07-04 10:50:18 [::1] : ERROR - [ADD] Prevent the insertion of new records, Avoid incorrect information


 =TraceInfo ========================

 [file] => {closure}

 [line] => undefined

 [function] => undefined

 [user] => 9312204656

 [data] => 

 ================================
 
2015-07-04 10:51:00 [::1] : ERROR - [ADD] Prevent the insertion of new records, Avoid incorrect information


 =TraceInfo ========================

 [file] => {closure}

 [line] => undefined

 [function] => undefined

 [user] => 9312204656

 [data] => 

 ================================
 
2015-07-04 10:51:16 [::1] : ERROR - [ADD] Prevent the insertion of new records, Avoid incorrect information


 =TraceInfo ========================

 [file] => {closure}

 [line] => undefined

 [function] => undefined

 [user] => 9312204656

 [data] => 

 ================================
 
2015-07-04 10:51:27 [::1] : ERROR - [ADD] Prevent the insertion of new records, Avoid incorrect information


 =TraceInfo ========================

 [file] => {closure}

 [line] => undefined

 [function] => undefined

 [user] => 9312204656

 [data] => 

 ================================
 
2015-07-04 10:51:39 [::1] : ERROR - [ADD] Prevent the insertion of new records, Avoid incorrect information


 =TraceInfo ========================

 [file] => {closure}

 [line] => undefined

 [function] => undefined

 [user] => 9312204656

 [data] => 

 ================================
 
2015-07-04 10:51:50 [::1] : ERROR - [ADD] Prevent the insertion of new records, Avoid incorrect information


 =TraceInfo ========================

 [file] => {closure}

 [line] => undefined

 [function] => undefined

 [user] => 9312204656

 [data] => 

 ================================
 
2015-07-04 10:52:24 [::1] : ERROR - [ADD] Prevent the insertion of new records, Avoid incorrect information


 =TraceInfo ========================

 [file] => {closure}

 [line] => undefined

 [function] => undefined

 [user] => 9312204656

 [data] => 

 ================================
 
2015-07-04 10:52:32 [::1] : ERROR - [ADD] Prevent the insertion of new records, Avoid incorrect information


 =TraceInfo ========================

 [file] => {closure}

 [line] => undefined

 [function] => undefined

 [user] => 9312204656

 [data] => 

 ================================
 
2015-07-04 10:54:12 [::1] : ERROR - [ADD] Prevent the insertion of new records, Avoid incorrect information


 =TraceInfo ========================

 [file] => {closure}

 [line] => undefined

 [function] => undefined

 [user] => 9312204656

 [data] => 

 ================================
 
2015-07-04 10:54:22 [::1] : ERROR - [ADD] Prevent the insertion of new records, Avoid incorrect information


 =TraceInfo ========================

 [file] => {closure}

 [line] => undefined

 [function] => undefined

 [user] => 9312204656

 [data] => 

 ================================
 
2015-07-04 10:55:15 [::1] : ERROR - [ADD] Prevent the insertion of new records, Avoid incorrect information


 =TraceInfo ========================

 [file] => {closure}

 [line] => undefined

 [function] => undefined

 [user] => 9312204656

 [data] => 

 ================================
 
2015-07-04 10:56:31 [::1] : ERROR - [ADD] Prevent the insertion of new records, Avoid incorrect information


 =TraceInfo ========================

 [file] => {closure}

 [line] => undefined

 [function] => undefined

 [user] => 9312204656

 [data] => 

 ================================
 
2015-07-04 10:56:59 [::1] : ERROR - [ADD] Prevent the insertion of new records, Avoid incorrect information


 =TraceInfo ========================

 [file] => {closure}

 [line] => undefined

 [function] => undefined

 [user] => 9312204656

 [data] => 

 ================================
 
2015-07-04 10:57:38 [::1] : ERROR - [ADD] Prevent the insertion of new records, Avoid incorrect information


 =TraceInfo ========================

 [file] => {closure}

 [line] => undefined

 [function] => undefined

 [user] => 9312204656

 [data] => 

 ================================
 
2015-07-04 10:58:06 [::1] : ERROR - [ADD] Prevent the insertion of new records, Avoid incorrect information


 =TraceInfo ========================

 [file] => {closure}

 [line] => undefined

 [function] => undefined

 [user] => 9312204656

 [data] => 

 ================================
 
2015-07-04 10:59:07 [::1] : ERROR - [ADD] Prevent the insertion of new records, Avoid incorrect information


 =TraceInfo ========================

 [file] => {closure}

 [line] => undefined

 [function] => undefined

 [user] => 9312204656

 [data] => 

 ================================
 
2015-07-04 10:59:19 [::1] : ERROR - [ADD] Prevent the insertion of new records, Avoid incorrect information


 =TraceInfo ========================

 [file] => {closure}

 [line] => undefined

 [function] => undefined

 [user] => 9312204656

 [data] => 

 ================================
 
2015-07-04 10:59:31 [::1] : ERROR - [ADD] Prevent the insertion of new records, Avoid incorrect information


 =TraceInfo ========================

 [file] => {closure}

 [line] => undefined

 [function] => undefined

 [user] => 9312204656

 [data] => 

 ================================
 
2015-07-04 10:59:37 [::1] : ERROR - [ADD] Prevent the insertion of new records, Avoid incorrect information


 =TraceInfo ========================

 [file] => {closure}

 [line] => undefined

 [function] => undefined

 [user] => 9312204656

 [data] => 

 ================================
 
2015-07-04 10:59:46 [::1] : ERROR - [ADD] Prevent the insertion of new records, Avoid incorrect information


 =TraceInfo ========================

 [file] => {closure}

 [line] => undefined

 [function] => undefined

 [user] => 9312204656

 [data] => 

 ================================
 
2015-07-04 10:59:59 [::1] : ERROR - [ADD] Prevent the insertion of new records, Avoid incorrect information


 =TraceInfo ========================

 [file] => {closure}

 [line] => undefined

 [function] => undefined

 [user] => 9312204656

 [data] => 

 ================================
 
2015-07-04 11:01:40 [::1] : ERROR - [ADD] Prevent the insertion of new records, Avoid incorrect information


 =TraceInfo ========================

 [file] => {closure}

 [line] => undefined

 [function] => undefined

 [user] => 9312204656

 [data] => 

 ================================
 
2015-07-04 11:01:58 [::1] : ERROR - [ADD] Prevent the insertion of new records, Avoid incorrect information


 =TraceInfo ========================

 [file] => {closure}

 [line] => undefined

 [function] => undefined

 [user] => 9312204656

 [data] => 

 ================================
 
2015-07-04 11:02:29 [::1] : ERROR - [ADD] Prevent the insertion of new records, Avoid incorrect information


 =TraceInfo ========================

 [file] => {closure}

 [line] => undefined

 [function] => undefined

 [user] => 9312204656

 [data] => 

 ================================
 
2015-07-04 11:02:48 [::1] : ERROR - [ADD] Prevent the insertion of new records, Avoid incorrect information


 =TraceInfo ========================

 [file] => {closure}

 [line] => undefined

 [function] => undefined

 [user] => 9312204656

 [data] => 

 ================================
 
2015-07-04 11:03:00 [::1] : ERROR - [ADD] Prevent the insertion of new records, Avoid incorrect information


 =TraceInfo ========================

 [file] => {closure}

 [line] => undefined

 [function] => undefined

 [user] => 9312204656

 [data] => 

 ================================
 
2015-07-04 11:03:19 [::1] : ERROR - [ADD] Prevent the insertion of new records, Avoid incorrect information


 =TraceInfo ========================

 [file] => {closure}

 [line] => undefined

 [function] => undefined

 [user] => 9312204656

 [data] => 

 ================================
 
2015-07-04 11:03:56 [::1] : ERROR - [ADD] Prevent the insertion of new records, Avoid incorrect information


 =TraceInfo ========================

 [file] => {closure}

 [line] => undefined

 [function] => undefined

 [user] => 9312204656

 [data] => 

 ================================
 
2015-07-04 11:08:39 [::1] : INFO - [ADD] Insert New Record, Thesis module successfully inserted a new record in the table thesis


 =TraceInfo ========================

 [file] => {closure}

 [line] => undefined

 [function] => undefined

 [user] => 9312204656

 [data] => 

 ================================
 
2015-07-04 11:31:14 [::1] : INFO - [ADD] Insert New Record, Thesis module successfully inserted a new record in the table thesis


 =TraceInfo ========================

 [file] => {closure}

 [line] => undefined

 [function] => undefined

 [user] => 9312204656

 [data] => 

 ================================
 
