
_____________________________________________________________________________________________



LOG FILE [2015-06-20]

_____________________________________________________________________________________________




2015-06-20 09:43:13 [::1] : INFO - [UPLOAD] Uploaded New File, 1 file(s) successfully added to the cms file manager


 =TraceInfo ========================

 [file] => C:\xampp\htdocs\filemanager_cms.php

 [line] => 527

 [function] => upload

 [user] => sysadmin

 [data] => 

 ================================
 
2015-06-20 09:44:48 [::1] : INFO - [UPLOAD] Uploaded New File, 1 file(s) successfully added to the cms file manager


 =TraceInfo ========================

 [file] => C:\xampp\htdocs\filemanager_cms.php

 [line] => 527

 [function] => upload

 [user] => sysadmin

 [data] => 

 ================================
 
2015-06-20 09:46:42 [::1] : INFO - [UPLOAD] Uploaded New File, 1 file(s) successfully added to the cms file manager


 =TraceInfo ========================

 [file] => C:\xampp\htdocs\filemanager_cms.php

 [line] => 527

 [function] => upload

 [user] => sysadmin

 [data] => 

 ================================
 
2015-06-20 10:00:47 [::1] : INFO - [UPLOAD] Uploaded New File, 1 file(s) successfully added to the cms file manager


 =TraceInfo ========================

 [file] => C:\xampp\htdocs\filemanager_cms.php

 [line] => 527

 [function] => upload

 [user] => sysadmin

 [data] => 

 ================================
 
2015-06-20 10:15:06 [::1] : INFO - [UPLOAD] Uploaded New File, 1 file(s) successfully added to the cms file manager


 =TraceInfo ========================

 [file] => C:\xampp\htdocs\filemanager_cms.php

 [line] => 528

 [function] => upload

 [user] => sysadmin

 [data] => 

 ================================
 
2015-06-20 10:21:10 [::1] : INFO - [UPLOAD] Uploaded New File, 1 file(s) successfully added to the cms file manager


 =TraceInfo ========================

 [file] => C:\xampp\htdocs\filemanager_cms.php

 [line] => 531

 [function] => upload

 [user] => sysadmin

 [data] => 

 ================================
 
2015-06-20 10:24:54 [::1] : INFO - [UPLOAD] Uploaded New File, 1 file(s) successfully added to the cms file manager


 =TraceInfo ========================

 [file] => C:\xampp\htdocs\filemanager_cms.php

 [line] => 532

 [function] => upload

 [user] => sysadmin

 [data] => 

 ================================
 
2015-06-20 10:28:56 [::1] : INFO - [UPLOAD] Uploaded New File, 1 file(s) successfully added to the cms file manager


 =TraceInfo ========================

 [file] => C:\xampp\htdocs\filemanager_cms.php

 [line] => 532

 [function] => upload

 [user] => sysadmin

 [data] => 

 ================================
 
2015-06-20 10:42:54 [::1] : INFO - [UPLOAD] Uploaded New File, 1 file(s) successfully added to the cms file manager


 =TraceInfo ========================

 [file] => C:\xampp\htdocs\filemanager_cms.php

 [line] => 548

 [function] => upload

 [user] => sysadmin

 [data] => 

 ================================
 
2015-06-20 10:44:05 [::1] : INFO - [UPLOAD] Uploaded New File, 1 file(s) successfully added to the cms file manager


 =TraceInfo ========================

 [file] => C:\xampp\htdocs\filemanager_cms.php

 [line] => 548

 [function] => upload

 [user] => sysadmin

 [data] => 

 ================================
 
2015-06-20 11:14:21 [::1] : INFO - [UPLOAD] Uploaded New File, 1 file(s) successfully added to the cms file manager


 =TraceInfo ========================

 [file] => C:\xampp\htdocs\filemanager_cms.php

 [line] => 547

 [function] => upload

 [user] => sysadmin

 [data] => 

 ================================
 
2015-06-20 11:15:16 [::1] : INFO - [UPLOAD] Uploaded New File, 1 file(s) successfully added to the cms file manager


 =TraceInfo ========================

 [file] => C:\xampp\htdocs\filemanager_cms.php

 [line] => 547

 [function] => upload

 [user] => sysadmin

 [data] => 

 ================================
 
