
_____________________________________________________________________________________________



LOG FILE [2015-06-26]

_____________________________________________________________________________________________




2015-06-26 21:08:26 [::1] : INFO - [UPLOAD] Uploaded New File, 1 file(s) successfully added to the file manager


 =TraceInfo ========================

 [file] => C:\xampp\htdocs\filemanager.php

 [line] => 494

 [function] => upload

 [user] => 9312204656

 [data] => 

 ================================
 
2015-06-26 21:09:18 [::1] : INFO - [UPLOAD] Uploaded New File, 1 file(s) successfully added to the file manager


 =TraceInfo ========================

 [file] => C:\xampp\htdocs\filemanager.php

 [line] => 494

 [function] => upload

 [user] => 9312204656

 [data] => 

 ================================
 
2015-06-26 21:09:42 [::1] : INFO - [UPLOAD] Uploaded New File, 1 file(s) successfully added to the file manager


 =TraceInfo ========================

 [file] => C:\xampp\htdocs\filemanager.php

 [line] => 494

 [function] => upload

 [user] => 9312204656

 [data] => 

 ================================
 
2015-06-26 21:11:08 [::1] : INFO - [UPLOAD] Uploaded New File, 1 file(s) successfully added to the file manager


 =TraceInfo ========================

 [file] => C:\xampp\htdocs\filemanager.php

 [line] => 494

 [function] => upload

 [user] => 9312204656

 [data] => 

 ================================
 
2015-06-26 21:11:35 [::1] : INFO - [UPLOAD] Uploaded New File, 1 file(s) successfully added to the file manager


 =TraceInfo ========================

 [file] => C:\xampp\htdocs\filemanager.php

 [line] => 494

 [function] => upload

 [user] => 9312204656

 [data] => 

 ================================
 
2015-06-26 21:11:35 [::1] : INFO - [UPLOAD] Uploaded New File, 1 file(s) successfully added to the file manager


 =TraceInfo ========================

 [file] => C:\xampp\htdocs\filemanager.php

 [line] => 494

 [function] => upload

 [user] => 9312204656

 [data] => 

 ================================
 
